{"message":{},"level":"info","timestamp":"2020-04-19T20:22:43.316Z"}
{"message":"POST,GET,HEAD","level":"info","timestamp":"2020-04-19T20:22:43.318Z"}
{"message":{},"level":"info","timestamp":"2020-04-19T20:22:43.324Z"}
{"message":{},"level":"info","timestamp":"2020-04-19T20:22:45.187Z"}
{"message":{},"level":"info","timestamp":"2020-04-19T20:22:47.876Z"}
{"message":"Connected Succesfully","level":"info","timestamp":"2020-04-19T20:23:53.100Z"}
{"message":{},"level":"info","timestamp":"2020-04-19T20:25:01.306Z"}
{"message":"POST,GET,HEAD","level":"info","timestamp":"2020-04-19T20:25:01.307Z"}
{"message":{},"level":"info","timestamp":"2020-04-19T20:25:01.317Z"}
{"level":"error","message":"error","timestamp":"2020-04-19T20:31:31.245Z"}
{"message":"POST","level":"error","timestamp":"2020-04-19T20:31:31.250Z"}
{"email":"adas@dad.com","password":"eqweq","fullname":"","captcha":"03AGdBq27r78G12SzvCHrG1QYnzf7cXqYL9VaObX_HBPCxzZmCO_p2PBw8Ait7jMQejZHsAIxmB3kORUAGQoXHl1UD-LEDBuQnXFNyLKCtzyQ_Sqbq73zTU9ZUMe4E-ozFJWSo7eGh_yVsZHJfqBpL1Oyd42JBBhruJO4RLTETrItc3xF2-levq0HOrKWJhAlWXIxNthBE8h4vg4T90fBJlXEKWLXJcjhhyTIQzzOvTi1TJWLHH8VYVQvuAhl_QT38QOMiV09um8UjSKk_qcUZw5M1yCpHENwdBTn8n_zRpCzMa8LfLqRJ9pS3xcZ4u4l68pja-NAJQfZxR_YGnYsQd1ofrIdRyiQcistlwLhoRvsAfRWNGJwELHU_XM-ZuYq_Qt6fmTh3rCf0","level":"error","message":"error","timestamp":"2020-04-19T20:31:31.281Z"}
{"message":"Connected Succesfully","level":"info","timestamp":"2020-04-19T20:32:55.165Z"}
{"message":"Connected Succesfully","level":"info","timestamp":"2020-04-19T20:33:28.943Z"}
{"level":"error","message":"error","timestamp":"2020-04-19T20:33:30.283Z"}
{"message":"POST,GET,HEAD","level":"error","timestamp":"2020-04-19T20:33:30.284Z"}
{"level":"error","message":"error","timestamp":"2020-04-19T20:33:30.290Z"}
{"message":"{\"message\":\"Posts fetched successfully!\",\"posts\":[{\"_id\":\"5e9caf27abd4b903c05e8cba\",\"title\":\"my bike\",\"content\":\"pulsar 150\",\"imagePath\":\"http://localhost:3000/images/dasd-1587326759189.jpg\",\"creator\":\"5e9cacfe12d9722434ca9a88\",\"postType\":\"Share a Bit\",\"postBy\":\"Sagar Auradkar\",\"postedTime\":\"21:16:8 19-4-2020\",\"comments\":[{\"_id\":\"5e9cb190de3d470aaca17be7\",\"message\":\"saasd\",\"date\":\"21:16:16 19-4-2020\",\"commentBy\":\"sagar\"}],\"__v\":0},{\"_id\":\"5e9cb1bade3d470aaca17be9\",\"title\":\"sadas\",\"content\":\"sadadas\",\"imagePath\":\"http://localhost:3000/images/sadas-1587327418387.jpg\",\"creator\":\"5e9cacfe12d9722434ca9a88\",\"postType\":\"Raise a Request\",\"postBy\":\"Sagar Auradkar\",\"postedTime\":\"21:17:40 19-4-2020\",\"comments\":[],\"__v\":0},{\"_id\":\"5e9cb22ede3d470aaca17bec\",\"title\":\"xaasdasd\",\"content\":\"rewfdcdvc\",\"imagePath\":\"http://localhost:3000/images/xaasdasd-1587327534472.jpg\",\"creator\":\"5e9cacfe12d9722434ca9a88\",\"postType\":\"Raise a Request\",\"postBy\":\"Sagar Auradkar\",\"postedTime\":\"21:18:54 19-4-2020\",\"comments\":[],\"__v\":0}],\"maxPosts\":3}","level":"error","timestamp":"2020-04-19T20:33:30.562Z"}
{"message":{},"level":"error","timestamp":"2020-04-19T20:34:48.169Z"}
{"message":"POST,GET,HEAD","level":"error","timestamp":"2020-04-19T20:34:48.174Z"}
{"message":{},"level":"error","timestamp":"2020-04-19T20:34:48.181Z"}
{"message":{},"level":"error","timestamp":"2020-04-19T20:35:21.552Z"}
{"message":"Connected Succesfully","level":"info","timestamp":"2020-04-19T20:35:22.295Z"}
{"message":{},"level":"error","timestamp":"2020-04-19T20:35:26.667Z"}
{"message":"POST,GET,HEAD","level":"error","timestamp":"2020-04-19T20:35:26.669Z"}
{"message":{},"level":"error","timestamp":"2020-04-19T20:35:26.673Z"}
{"message":{},"level":"error","timestamp":"2020-04-19T20:35:30.328Z"}
{"message":"{\"message\":\"Posts fetched successfully!\",\"posts\":[{\"_id\":\"5e9caf27abd4b903c05e8cba\",\"title\":\"my bike\",\"content\":\"pulsar 150\",\"imagePath\":\"http://localhost:3000/images/dasd-1587326759189.jpg\",\"creator\":\"5e9cacfe12d9722434ca9a88\",\"postType\":\"Share a Bit\",\"postBy\":\"Sagar Auradkar\",\"postedTime\":\"21:16:8 19-4-2020\",\"comments\":[{\"_id\":\"5e9cb190de3d470aaca17be7\",\"message\":\"saasd\",\"date\":\"21:16:16 19-4-2020\",\"commentBy\":\"sagar\"}],\"__v\":0},{\"_id\":\"5e9cb1bade3d470aaca17be9\",\"title\":\"sadas\",\"content\":\"sadadas\",\"imagePath\":\"http://localhost:3000/images/sadas-1587327418387.jpg\",\"creator\":\"5e9cacfe12d9722434ca9a88\",\"postType\":\"Raise a Request\",\"postBy\":\"Sagar Auradkar\",\"postedTime\":\"21:17:40 19-4-2020\",\"comments\":[],\"__v\":0},{\"_id\":\"5e9cb22ede3d470aaca17bec\",\"title\":\"xaasdasd\",\"content\":\"rewfdcdvc\",\"imagePath\":\"http://localhost:3000/images/xaasdasd-1587327534472.jpg\",\"creator\":\"5e9cacfe12d9722434ca9a88\",\"postType\":\"Raise a Request\",\"postBy\":\"Sagar Auradkar\",\"postedTime\":\"21:18:54 19-4-2020\",\"comments\":[],\"__v\":0}],\"maxPosts\":3}","level":"error","timestamp":"2020-04-19T20:35:30.501Z"}
{"message":"Connected Succesfully","level":"info","timestamp":"2020-04-19T20:39:32.768Z"}
{"message":"Connected Succesfully","level":"info","timestamp":"2020-04-19T20:39:40.377Z"}
{"message":"Connected Succesfully","level":"info","timestamp":"2020-04-19T20:40:55.372Z"}
{"message":"Connected Succesfully","level":"info","timestamp":"2020-04-19T20:40:57.748Z"}
{"message":"Connected Succesfully","level":"info","timestamp":"2020-04-19T20:41:05.998Z"}
{"message":"Connected Succesfully","level":"info","timestamp":"2020-04-19T20:41:51.633Z"}
{"message":"Connected Succesfully","level":"info","timestamp":"2020-04-19T20:42:22.873Z"}
{"message":"Connected Succesfully","level":"info","timestamp":"2020-04-19T19:49:38.189Z"}
{"message":"Connected Succesfully","level":"info","timestamp":"2020-04-19T19:49:50.735Z"}
{"message":"Connected Succesfully","level":"info","timestamp":"2020-04-19T19:52:30.042Z"}
{"message":"Connected Succesfully","level":"info","timestamp":"2020-04-19T19:53:53.868Z"}
{"message":{},"level":"error","timestamp":"2020-04-19T19:54:00.368Z"}
{"message":"POST,GET,HEAD","level":"error","timestamp":"2020-04-19T19:54:00.371Z"}
{"message":{},"level":"error","timestamp":"2020-04-19T19:54:00.383Z"}
{"message":"{\"message\":\"Posts fetched successfully!\",\"posts\":[{\"_id\":\"5e9caf27abd4b903c05e8cba\",\"title\":\"my bike\",\"content\":\"pulsar 150\",\"imagePath\":\"http://localhost:3000/images/dasd-1587326759189.jpg\",\"creator\":\"5e9cacfe12d9722434ca9a88\",\"postType\":\"Share a Bit\",\"postBy\":\"Sagar Auradkar\",\"postedTime\":\"21:16:8 19-4-2020\",\"comments\":[{\"_id\":\"5e9cb190de3d470aaca17be7\",\"message\":\"saasd\",\"date\":\"21:16:16 19-4-2020\",\"commentBy\":\"sagar\"}],\"__v\":0},{\"_id\":\"5e9cb1bade3d470aaca17be9\",\"title\":\"sadas\",\"content\":\"sadadas\",\"imagePath\":\"http://localhost:3000/images/sadas-1587327418387.jpg\",\"creator\":\"5e9cacfe12d9722434ca9a88\",\"postType\":\"Raise a Request\",\"postBy\":\"Sagar Auradkar\",\"postedTime\":\"21:17:40 19-4-2020\",\"comments\":[],\"__v\":0},{\"_id\":\"5e9cb22ede3d470aaca17bec\",\"title\":\"xaasdasd\",\"content\":\"rewfdcdvc\",\"imagePath\":\"http://localhost:3000/images/xaasdasd-1587327534472.jpg\",\"creator\":\"5e9cacfe12d9722434ca9a88\",\"postType\":\"Raise a Request\",\"postBy\":\"Sagar Auradkar\",\"postedTime\":\"21:18:54 19-4-2020\",\"comments\":[],\"__v\":0}],\"maxPosts\":3}","level":"error","timestamp":"2020-04-19T19:54:02.333Z"}
